mode: set
assignment-golang-backend/usecase/transaction_usecase.go:20.72,22.2 1 1
assignment-golang-backend/usecase/transaction_usecase.go:24.161,26.2 1 1
assignment-golang-backend/usecase/user_usecase.go:27.51,29.2 1 1
assignment-golang-backend/usecase/user_usecase.go:31.80,32.58 1 1
assignment-golang-backend/usecase/user_usecase.go:35.2,37.16 2 1
assignment-golang-backend/usecase/user_usecase.go:41.2,45.43 4 1
assignment-golang-backend/usecase/user_usecase.go:32.58,34.3 1 1
assignment-golang-backend/usecase/user_usecase.go:37.16,39.3 1 1
assignment-golang-backend/usecase/user_usecase.go:48.83,50.16 2 1
assignment-golang-backend/usecase/user_usecase.go:54.2,54.65 1 1
assignment-golang-backend/usecase/user_usecase.go:61.2,61.47 1 1
assignment-golang-backend/usecase/user_usecase.go:50.16,52.3 1 1
assignment-golang-backend/usecase/user_usecase.go:54.65,56.17 2 1
assignment-golang-backend/usecase/user_usecase.go:59.3,59.20 1 1
assignment-golang-backend/usecase/user_usecase.go:56.17,58.4 1 1
assignment-golang-backend/usecase/user_usecase.go:64.69,66.2 1 1
assignment-golang-backend/usecase/wallet_usecase.go:28.57,30.2 1 0
assignment-golang-backend/usecase/wallet_usecase.go:32.75,34.2 1 0
assignment-golang-backend/usecase/wallet_usecase.go:36.114,38.16 2 0
assignment-golang-backend/usecase/wallet_usecase.go:42.2,44.16 3 0
assignment-golang-backend/usecase/wallet_usecase.go:47.2,48.25 2 0
assignment-golang-backend/usecase/wallet_usecase.go:38.16,40.3 1 0
assignment-golang-backend/usecase/wallet_usecase.go:44.16,46.3 1 0
assignment-golang-backend/usecase/wallet_usecase.go:51.114,53.16 2 0
assignment-golang-backend/usecase/wallet_usecase.go:57.2,57.46 1 0
assignment-golang-backend/usecase/wallet_usecase.go:61.2,62.16 2 0
assignment-golang-backend/usecase/wallet_usecase.go:66.2,67.16 2 0
assignment-golang-backend/usecase/wallet_usecase.go:70.2,70.28 1 0
assignment-golang-backend/usecase/wallet_usecase.go:53.16,55.3 1 0
assignment-golang-backend/usecase/wallet_usecase.go:57.46,59.3 1 0
assignment-golang-backend/usecase/wallet_usecase.go:62.16,64.3 1 0
assignment-golang-backend/usecase/wallet_usecase.go:67.16,69.3 1 0
